  main.cpp
C:\dev\cpp_chicken_tracking\cpp_chicken_tracking\main.cpp(249,85): warning C4244: 'argument': conversion from 'const _Tp' to '_Tp', possible loss of data
          with
          [
              _Tp=int
          ]
          and
          [
              _Tp=float
          ]
C:\dev\cpp_chicken_tracking\cpp_chicken_tracking\main.cpp(249,70): warning C4244: 'argument': conversion from 'const _Tp' to '_Tp', possible loss of data
          with
          [
              _Tp=int
          ]
          and
          [
              _Tp=float
          ]
C:\dev\cpp_chicken_tracking\cpp_chicken_tracking\main.cpp(249,59): warning C4244: 'argument': conversion from 'const _Tp' to '_Tp', possible loss of data
          with
          [
              _Tp=int
          ]
          and
          [
              _Tp=float
          ]
C:\dev\cpp_chicken_tracking\cpp_chicken_tracking\main.cpp(249,48): warning C4244: 'argument': conversion from 'const _Tp' to '_Tp', possible loss of data
          with
          [
              _Tp=int
          ]
          and
          [
              _Tp=float
          ]
C:\dev\cpp_chicken_tracking\cpp_chicken_tracking\main.cpp(268,65): warning C4244: 'argument': conversion from '_Ty' to '_Tp', possible loss of data
          with
          [
              _Ty=float
          ]
          and
          [
              _Tp=int
          ]
C:\dev\cpp_chicken_tracking\cpp_chicken_tracking\main.cpp(268,56): warning C4244: 'argument': conversion from '_Ty' to '_Tp', possible loss of data
          with
          [
              _Ty=float
          ]
          and
          [
              _Tp=int
          ]
C:\dev\cpp_chicken_tracking\cpp_chicken_tracking\main.cpp(268,47): warning C4244: 'argument': conversion from '_Ty' to '_Tp', possible loss of data
          with
          [
              _Ty=float
          ]
          and
          [
              _Tp=int
          ]
C:\dev\cpp_chicken_tracking\cpp_chicken_tracking\main.cpp(268,38): warning C4244: 'argument': conversion from '_Ty' to '_Tp', possible loss of data
          with
          [
              _Ty=float
          ]
          and
          [
              _Tp=int
          ]
C:\dev\cpp_chicken_tracking\cpp_chicken_tracking\main.cpp(280,34): warning C4244: 'initializing': conversion from 'double' to 'float', possible loss of data
C:\dev\cpp_chicken_tracking\cpp_chicken_tracking\main.cpp(289,32): warning C4267: '=': conversion from 'size_t' to 'int', possible loss of data
     Creating library C:\dev\cpp_chicken_tracking\x64\Release\cpp_chicken_tracking.lib and object C:\dev\cpp_chicken_tracking\x64\Release\cpp_chicken_tracking.exp
LINK : warning LNK4098: defaultlib 'LIBCMT' conflicts with use of other libs; use /NODEFAULTLIB:library
  Generating code
  24 of 6181 functions ( 0.4%) were compiled, the rest were copied from previous compilation.
    23 functions were new in current compilation
    339 functions had inline decision re-evaluated but remain unchanged
  Finished generating code
  cpp_chicken_tracking.vcxproj -> C:\dev\cpp_chicken_tracking\x64\Release\cpp_chicken_tracking.exe
